\BOOKMARK [0][-]{section*.1}{\376\377\000I\000l\000l\000u\000s\000t\000r\000a\000t\000i\000o\000n\000s}{}% 1
\BOOKMARK [0][-]{chapter.1}{\376\377\000I\000n\000s\000t\000a\000l\000l\000a\000t\000i\000o\000n\000s\000\040}{}% 2
\BOOKMARK [1][-]{section.1.1}{\376\377\000I\000n\000s\000t\000a\000l\000l\000i\000n\000g\000\040\000P\000h\000a\000r\000o\000T\000h\000i\000n\000g\000s\000\040\000o\000n\000\040\000R\000a\000s\000p\000b\000e\000r\000r\000y\000\040\000P\000i}{chapter.1}% 3
\BOOKMARK [2][-]{section*.2}{\376\377\000D\000o\000w\000n\000l\000o\000a\000d\000\040\000P\000h\000a\000r\000o\000L\000a\000u\000n\000c\000h\000e\000r}{section.1.1}% 4
\BOOKMARK [2][-]{section*.3}{\376\377\000D\000o\000w\000n\000l\000o\000a\000d\000\040\000P\000h\000a\000r\000o\000\040\0006\0001}{section.1.1}% 5
\BOOKMARK [2][-]{section*.4}{\376\377\000E\000x\000e\000c\000u\000t\000e\000\040\000y\000o\000u\000r\000\040\000P\000h\000a\000r\000o\000\040\000i\000m\000a\000g\000e}{section.1.1}% 6
\BOOKMARK [2][-]{section*.5}{\376\377\000L\000o\000a\000d\000\040\000P\000h\000a\000r\000o\000T\000h\000i\000n\000g\000s}{section.1.1}% 7
\BOOKMARK [2][-]{section*.6}{\376\377\000S\000n\000a\000p\000s\000h\000o\000t\000\040\000y\000o\000u\000r\000\040\000I\000m\000a\000g\000e}{section.1.1}% 8
\BOOKMARK [2][-]{section*.7}{\376\377\000D\000o\000w\000n\000l\000o\000a\000d\000\040\000t\000h\000e\000\040\000V\000M}{section.1.1}% 9
\BOOKMARK [2][-]{section*.8}{\376\377\000C\000o\000p\000y\000i\000n\000g\000\040\000S\000o\000u\000r\000c\000e\000s}{section.1.1}% 10
\BOOKMARK [2][-]{section*.9}{\376\377\000C\000o\000p\000y\000\040\000t\000o\000\040\000t\000h\000e\000\040\000R\000a\000s\000p\000b\000e\000r\000r\000y}{section.1.1}% 11
\BOOKMARK [1][-]{section.1.2}{\376\377\000E\000x\000e\000c\000u\000t\000e\000\040\000P\000h\000a\000r\000o\000T\000h\000i\000n\000g\000s\000\040\000o\000n\000\040\000R\000a\000s\000p\000b\000e\000r\000r\000y}{chapter.1}% 12
\BOOKMARK [2][-]{section*.10}{\376\377\000T\000u\000r\000n\000\040\000o\000n\000\040\000y\000o\000u\000r\000\040\000R\000a\000s\000p\000b\000e\000r\000r\000y\000\040\000a\000n\000d\000\040\000c\000o\000n\000n\000e\000c\000t\000\040\000i\000t\000\040\000t\000o\000\040\000t\000h\000e\000\040\000n\000e\000t\000w\000o\000r\000k\000.}{section.1.2}% 13
\BOOKMARK [2][-]{section*.11}{\376\377\000S\000t\000a\000r\000t\000\040\000S\000e\000r\000v\000e\000r}{section.1.2}% 14
\BOOKMARK [1][-]{section.1.3}{\376\377\000C\000o\000n\000n\000e\000c\000t\000i\000n\000g\000\040\000P\000h\000a\000r\000o\000\040\000c\000l\000i\000e\000n\000t\000\040\000o\000n\000\040\000r\000e\000m\000o\000t\000e\000\040\000P\000h\000a\000r\000o}{chapter.1}% 15
\BOOKMARK [2][-]{section*.12}{\376\377\000G\000P\000I\000O\000s}{section.1.3}% 16
\BOOKMARK [1][-]{section.1.4}{\376\377\000I\000n\000\040\000t\000h\000e\000\040\000n\000e\000x\000t\000\040\000c\000h\000a\000p\000t\000e\000r}{chapter.1}% 17
\BOOKMARK [0][-]{chapter.2}{\376\377\000L\000e\000s\000s\000o\000n\000\040\0001\000\040\040\023\000\040\000T\000u\000r\000n\000i\000n\000g\000\040\000L\000E\000D\000\040\000o\000n\000/\000o\000f\000f}{}% 18
\BOOKMARK [1][-]{section.2.1}{\376\377\000W\000h\000a\000t\000\040\000d\000o\000\040\000w\000e\000\040\000n\000e\000e\000d\000?}{chapter.2}% 19
\BOOKMARK [2][-]{section*.13}{\376\377\000C\000o\000m\000p\000o\000n\000e\000n\000t\000s}{section.2.1}% 20
\BOOKMARK [1][-]{section.2.2}{\376\377\000E\000x\000p\000e\000r\000i\000m\000e\000n\000t\000a\000l\000\040\000t\000h\000e\000o\000r\000y}{chapter.2}% 21
\BOOKMARK [2][-]{section*.14}{\376\377\000T\000h\000e\000\040\000L\000E\000D}{section.2.2}% 22
\BOOKMARK [2][-]{section*.15}{\376\377\000T\000h\000e\000\040\000R\000e\000s\000i\000s\000t\000o\000r}{section.2.2}% 23
\BOOKMARK [2][-]{section*.16}{\376\377\000T\000h\000e\000\040\000B\000r\000e\000a\000d\000b\000o\000a\000r\000d}{section.2.2}% 24
\BOOKMARK [1][-]{section.2.3}{\376\377\000E\000x\000p\000e\000r\000i\000m\000e\000n\000t\000a\000l\000\040\000p\000r\000o\000c\000e\000d\000u\000r\000e}{chapter.2}% 25
\BOOKMARK [1][-]{section.2.4}{\376\377\000E\000x\000p\000e\000r\000i\000m\000e\000n\000t\000a\000l\000\040\000c\000o\000d\000e}{chapter.2}% 26
\BOOKMARK [2][-]{section*.17}{\376\377\000C\000o\000n\000n\000e\000c\000t\000i\000n\000g\000\040\000r\000e\000m\000o\000t\000e\000l\000y}{section.2.4}% 27
\BOOKMARK [1][-]{section.2.5}{\376\377\000W\000h\000a\000t\000\040\000d\000i\000d\000\040\000w\000e\000\040\000l\000e\000a\000r\000n\000?}{chapter.2}% 28
\BOOKMARK [1][-]{section.2.6}{\376\377\000I\000n\000\040\000t\000h\000e\000\040\000n\000e\000x\000t\000\040\000l\000e\000s\000s\000o\000n}{chapter.2}% 29
\BOOKMARK [0][-]{chapter.3}{\376\377\000L\000e\000s\000s\000o\000n\000\040\0002\000\040\040\023\000\040\000B\000l\000i\000n\000k\000i\000n\000g\000\040\000L\000E\000D\000\040}{}% 30
\BOOKMARK [1][-]{section.3.1}{\376\377\000W\000h\000a\000t\000\040\000d\000o\000\040\000w\000e\000\040\000n\000e\000e\000d\000?}{chapter.3}% 31
\BOOKMARK [2][-]{section*.18}{\376\377\000C\000o\000n\000n\000e\000c\000t\000i\000n\000g\000\040\000r\000e\000m\000o\000t\000e\000l\000y}{section.3.1}% 32
\BOOKMARK [1][-]{section.3.2}{\376\377\000E\000x\000p\000e\000r\000i\000m\000e\000n\000t\000a\000l\000\040\000c\000o\000d\000e}{chapter.3}% 33
\BOOKMARK [1][-]{section.3.3}{\376\377\000I\000n\000\040\000t\000h\000e\000\040\000n\000e\000x\000t\000\040\000l\000e\000s\000s\000o\000n}{chapter.3}% 34
\BOOKMARK [0][-]{chapter.4}{\376\377\000L\000e\000s\000s\000o\000n\000\040\0003\000\040\040\023\000\040\000A\000\040\000b\000r\000i\000e\000f\000\040\000i\000n\000t\000r\000o\000d\000u\000c\000t\000i\000o\000n\000\040\000t\000o\000\040\000P\000h\000a\000r\000o\000\240\000o\000b\000j\000e\000c\000t\000-\000o\000r\000i\000e\000n\000t\000e\000d\000\040\000l\000a\000n\000g\000u\000a\000g\000e}{}% 35
\BOOKMARK [1][-]{section.4.1}{\376\377\000D\000e\000v\000e\000l\000o\000p\000i\000n\000g\000\040\000a\000\040\000s\000i\000m\000p\000l\000e\000\040\000L\000E\000D\000\040\000b\000l\000i\000n\000k\000e\000r}{chapter.4}% 36
\BOOKMARK [1][-]{section.4.2}{\376\377\000O\000u\000r\000\040\000u\000s\000e\000\040\000c\000a\000s\000e}{chapter.4}% 37
\BOOKMARK [1][-]{section.4.3}{\376\377\000C\000r\000e\000a\000t\000e\000\040\000y\000o\000u\000r\000\040\000o\000w\000n\000\040\000c\000l\000a\000s\000s\000\040\000r\000e\000m\000o\000t\000e\000l\000y}{chapter.4}% 38
\BOOKMARK [1][-]{section.4.4}{\376\377\000C\000r\000e\000a\000t\000e\000\040\000a\000\040\000p\000a\000c\000k\000a\000g\000e}{chapter.4}% 39
\BOOKMARK [1][-]{section.4.5}{\376\377\000C\000r\000e\000a\000t\000e\000\040\000a\000\040\000c\000l\000a\000s\000s}{chapter.4}% 40
\BOOKMARK [1][-]{section.4.6}{\376\377\000C\000r\000e\000a\000t\000e\000\040\000a\000\040\000p\000r\000o\000t\000o\000c\000o\000l}{chapter.4}% 41
\BOOKMARK [1][-]{section.4.7}{\376\377\000C\000r\000e\000a\000t\000i\000n\000g\000\040\000a\000n\000\040\000i\000n\000i\000t\000i\000a\000l\000i\000z\000e\000\040\000m\000e\000t\000h\000o\000d}{chapter.4}% 42
\BOOKMARK [2][-]{section*.19}{\376\377\000C\000r\000e\000a\000t\000i\000n\000g\000\040\000a\000\040\000m\000e\000t\000h\000o\000d\000\040\000t\000o\000\040\000d\000o\000\040\000a\000c\000t\000i\000o\000n\000s}{section.4.7}% 43
\BOOKMARK [1][-]{section.4.8}{\376\377\000U\000s\000i\000n\000g\000\040\000y\000o\000u\000r\000\040\000n\000e\000w\000\040\000c\000l\000a\000s\000s}{chapter.4}% 44
\BOOKMARK [1][-]{section.4.9}{\376\377\000S\000a\000v\000e\000\040\000y\000o\000u\000r\000\040\000w\000o\000r\000k}{chapter.4}% 45
\BOOKMARK [1][-]{section.4.10}{\376\377\000C\000o\000n\000c\000l\000u\000s\000i\000o\000n}{chapter.4}% 46
\BOOKMARK [0][-]{chapter.5}{\376\377\000L\000e\000s\000s\000o\000n\000\040\0004\000\040\000-\000\040\000L\000E\000D\000\040\000F\000l\000o\000w\000i\000n\000g\000\040\000L\000i\000g\000h\000t\000s}{}% 47
\BOOKMARK [1][-]{section.5.1}{\376\377\000W\000h\000a\000t\000\040\000d\000o\000\040\000w\000e\000\040\000n\000e\000e\000d\000?}{chapter.5}% 48
\BOOKMARK [2][-]{section*.20}{\376\377\000C\000o\000m\000p\000o\000n\000e\000n\000t\000s}{section.5.1}% 49
\BOOKMARK [1][-]{section.5.2}{\376\377\000E\000x\000p\000e\000r\000i\000m\000e\000n\000t\000a\000l\000\040\000p\000r\000o\000c\000e\000d\000u\000r\000e}{chapter.5}% 50
\BOOKMARK [2][-]{section*.21}{\376\377\000C\000o\000n\000n\000e\000c\000t\000i\000n\000g\000\040\000r\000e\000m\000o\000t\000e\000l\000y}{section.5.2}% 51
\BOOKMARK [1][-]{section.5.3}{\376\377\000E\000x\000p\000e\000r\000i\000m\000e\000n\000t\000a\000l\000\040\000c\000o\000d\000e}{chapter.5}% 52
\BOOKMARK [1][-]{section.5.4}{\376\377\000A\000d\000d\000i\000n\000g\000\040\000f\000e\000a\000t\000u\000r\000e\000s}{chapter.5}% 53
\BOOKMARK [1][-]{section.5.5}{\376\377\000R\000e\000v\000e\000r\000s\000i\000n\000g\000\040\000t\000h\000e\000\040\000f\000l\000o\000w}{chapter.5}% 54
\BOOKMARK [1][-]{section.5.6}{\376\377\000G\000o\000i\000n\000g\000\040\000a\000n\000d\000\040\000b\000a\000c\000k\000i\000n\000g\000\040\000t\000h\000e\000\040\000f\000l\000o\000w}{chapter.5}% 55
\BOOKMARK [1][-]{section.5.7}{\376\377\000T\000e\000r\000m\000i\000n\000a\000t\000i\000n\000g\000\040\000t\000h\000e\000\040\000p\000r\000o\000c\000e\000s\000s}{chapter.5}% 56
\BOOKMARK [1][-]{section.5.8}{\376\377\000I\000n\000\040\000t\000h\000e\000\040\000n\000e\000x\000t\000\040\000l\000e\000s\000s\000o\000n}{chapter.5}% 57
\BOOKMARK [0][-]{chapter.6}{\376\377\000L\000e\000s\000s\000o\000n\000\040\0005\000\040\000-\000\040\000L\000E\000D\000\040\000F\000l\000o\000w\000i\000n\000g\000\040\000L\000i\000g\000h\000t\000s\000\040\000u\000s\000i\000n\000g\000\040\000O\000O\000P}{}% 58
\BOOKMARK [1][-]{section.6.1}{\376\377\000T\000h\000e\000\040\000g\000o\000a\000l}{chapter.6}% 59
\BOOKMARK [1][-]{section.6.2}{\376\377\000C\000r\000e\000a\000t\000i\000n\000g\000\040\000t\000h\000e\000\040\000c\000l\000a\000s\000s}{chapter.6}% 60
\BOOKMARK [1][-]{section.6.3}{\376\377\000C\000r\000e\000a\000t\000i\000n\000g\000\040\000t\000h\000e\000\040\000i\000n\000i\000t\000i\000a\000l\000i\000z\000e\000\040\000m\000e\000t\000h\000o\000d}{chapter.6}% 61
\BOOKMARK [1][-]{section.6.4}{\376\377\000C\000r\000e\000a\000t\000i\000n\000g\000\040\000a\000c\000c\000e\000s\000s\000\040\000m\000e\000t\000h\000o\000d\000s}{chapter.6}% 62
\BOOKMARK [1][-]{section.6.5}{\376\377\000C\000r\000e\000a\000t\000i\000n\000g\000\040\000p\000r\000o\000c\000e\000s\000s\000\040\000c\000o\000n\000t\000r\000o\000l\000\040\000m\000e\000t\000h\000o\000d\000s}{chapter.6}% 63
\BOOKMARK [1][-]{section.6.6}{\376\377\000C\000r\000e\000a\000t\000i\000n\000g\000\040\000a\000c\000t\000i\000o\000n\000\040\000m\000e\000t\000h\000o\000d\000s}{chapter.6}% 64
\BOOKMARK [0][-]{chapter.7}{\376\377\000L\000e\000s\000s\000o\000n\000\040\0006\000\040\000-\000\040\000L\000E\000D\000\040\000B\000r\000e\000a\000t\000h\000i\000n\000g\000\040\000P\000W\000M}{}% 65
\BOOKMARK [0][-]{chapter.8}{\376\377\000L\000e\000s\000s\000o\000n\000\040\0007\000\040\000-\000\040\000C\000o\000n\000t\000r\000o\000l\000l\000i\000n\000g\000\040\000L\000E\000D\000\040\000b\000y\000\040\000B\000u\000t\000t\000o\000n}{}% 66
\BOOKMARK [1][-]{section.8.1}{\376\377\000W\000h\000a\000t\000\040\000d\000o\000\040\000w\000e\000\040\000n\000e\000e\000d\000?}{chapter.8}% 67
\BOOKMARK [2][-]{section*.22}{\376\377\000C\000o\000m\000p\000o\000n\000e\000n\000t\000s}{section.8.1}% 68
\BOOKMARK [1][-]{section.8.2}{\376\377\000E\000x\000p\000e\000r\000i\000m\000e\000n\000t\000a\000l\000\040\000t\000h\000e\000o\000r\000y}{chapter.8}% 69
\BOOKMARK [1][-]{section.8.3}{\376\377\000E\000x\000p\000e\000r\000i\000m\000e\000n\000t\000a\000l\000\040\000p\000r\000o\000c\000e\000d\000u\000r\000e}{chapter.8}% 70
\BOOKMARK [1][-]{section.8.4}{\376\377\000C\000o\000n\000n\000e\000c\000t\000i\000n\000g\000\040\000r\000e\000m\000o\000t\000e\000l\000y}{chapter.8}% 71
\BOOKMARK [1][-]{section.8.5}{\376\377\000E\000x\000p\000e\000r\000i\000m\000e\000n\000t\000a\000l\000\040\000c\000o\000d\000e}{chapter.8}% 72
\BOOKMARK [1][-]{section.8.6}{\376\377\000T\000e\000r\000m\000i\000n\000a\000t\000i\000n\000g\000\040\000t\000h\000e\000\040\000p\000r\000o\000c\000e\000s\000s}{chapter.8}% 73
\BOOKMARK [1][-]{section.8.7}{\376\377\000I\000n\000\040\000t\000h\000e\000\040\000n\000e\000x\000t\000\040\000l\000e\000s\000s\000o\000n}{chapter.8}% 74
\BOOKMARK [0][-]{chapter.9}{\376\377\000L\000e\000s\000s\000o\000n\000\040\0008\000\040\000-\000\040\000I\0002\000C\000\040\000S\000e\000n\000s\000o\000r\000s\000\040\000\050\000T\000e\000m\000p\000e\000r\000a\000t\000u\000r\000e\000,\000\040\000H\000u\000m\000i\000d\000i\000t\000y\000,\000\040\000P\000r\000e\000s\000s\000u\000r\000e\000\040\000a\000n\000d\000\040\000A\000c\000e\000l\000l\000e\000r\000o\000m\000e\000t\000e\000r\000\051}{}% 75
\BOOKMARK [1][-]{section.9.1}{\376\377\000W\000h\000a\000t\000\040\000d\000o\000\040\000w\000e\000\040\000n\000e\000e\000d\000?}{chapter.9}% 76
\BOOKMARK [2][-]{section*.23}{\376\377\000C\000o\000m\000p\000o\000n\000e\000n\000t\000s}{section.9.1}% 77
\BOOKMARK [1][-]{section.9.2}{\376\377\000E\000x\000p\000e\000r\000i\000m\000e\000n\000t\000a\000l\000\040\000t\000h\000e\000o\000r\000y}{chapter.9}% 78
\BOOKMARK [2][-]{section*.24}{\376\377\000T\000h\000e\000\040\000I\0002\000C\000\040\000p\000r\000o\000t\000o\000c\000o\000l}{section.9.2}% 79
\BOOKMARK [2][-]{section*.25}{\376\377\000H\000o\000w\000\040\000I\0002\000C\000\040\000w\000o\000r\000k\000s\000?}{section.9.2}% 80
\BOOKMARK [2][-]{section*.26}{\376\377\000P\000r\000o\000t\000o\000c\000o\000l}{section.9.2}% 81
\BOOKMARK [1][-]{section.9.3}{\376\377\000E\000x\000p\000e\000r\000i\000m\000e\000n\000t\000a\000l\000\040\000p\000r\000o\000c\000e\000d\000u\000r\000e}{chapter.9}% 82
\BOOKMARK [1][-]{section.9.4}{\376\377\000C\000o\000n\000f\000i\000g\000u\000r\000i\000n\000g\000\040\000t\000h\000e\000\040\000R\000a\000s\000p\000b\000e\000r\000r\000y\000\040\000P\000i\000\040\000I\0002\000C}{chapter.9}% 83
\BOOKMARK [1][-]{section.9.5}{\376\377\000C\000o\000n\000n\000e\000c\000t\000i\000n\000g\000\040\000r\000e\000m\000o\000t\000e\000l\000y}{chapter.9}% 84
\BOOKMARK [1][-]{section.9.6}{\376\377\000E\000x\000p\000l\000o\000r\000i\000n\000g\000\040\000t\000h\000e\000\040\000p\000r\000o\000p\000e\000r\000t\000i\000e\000s\000\040\000o\000f\000\040\000a\000\040\000r\000e\000m\000o\000t\000e\000\040\000o\000b\000j\000e\000c\000t\000\040\000w\000i\000t\000h\000\040\000t\000h\000e\000\040\000r\000e\000m\000o\000t\000e\000\040\000i\000n\000s\000p\000e\000c\000t\000o\000r}{chapter.9}% 85
\BOOKMARK [1][-]{section.9.7}{\376\377\000G\000e\000t\000t\000i\000n\000g\000\040\000t\000h\000e\000\040\000t\000e\000m\000p\000e\000r\000a\000t\000u\000r\000e\000\040\000w\000i\000t\000h\000\040\000B\000M\000E\0002\0008\0000}{chapter.9}% 86
\BOOKMARK [1][-]{section.9.8}{\376\377\000G\000e\000t\000t\000i\000n\000g\000\040\000t\000h\000e\000\040\000h\000u\000m\000i\000d\000i\000t\000y\000\040\000a\000n\000d\000\040\000p\000r\000e\000s\000s\000u\000r\000e\000\040\000w\000i\000t\000h\000\040\000B\000M\000E\0002\0008\0000}{chapter.9}% 87
\BOOKMARK [1][-]{section.9.9}{\376\377\000G\000e\000t\000t\000i\000n\000g\000\040\000t\000h\000e\000\040\000t\000e\000m\000p\000e\000r\000a\000t\000u\000r\000e\000\040\000w\000i\000t\000h\000\040\000M\000C\000P\0009\0008\0000\0008}{chapter.9}% 88
\BOOKMARK [1][-]{section.9.10}{\376\377\000G\000e\000t\000t\000i\000n\000g\000\040\000t\000h\000e\000\040\000a\000x\000i\000s\000\040\000X\000,\000\040\000Y\000,\000\040\000a\000n\000d\000\040\000Z\000\040\000w\000i\000t\000h\000\040\000A\000D\000X\000L\0003\0004\0005}{chapter.9}% 89
\BOOKMARK [1][-]{section.9.11}{\376\377\000C\000o\000n\000c\000l\000u\000s\000i\000o\000n}{chapter.9}% 90
\BOOKMARK [0][-]{chapter.10}{\376\377\000L\000e\000s\000s\000o\000n\000\040\0009\000\040\000-\000\040\000U\000l\000t\000r\000a\000s\000o\000n\000i\000c\000\040\000S\000e\000n\000s\000o\000r\000\040\000\050\000D\000i\000s\000t\000a\000n\000c\000e\000\051}{}% 91
\BOOKMARK [1][-]{section.10.1}{\376\377\000W\000h\000a\000t\000\040\000d\000o\000\040\000w\000e\000\040\000n\000e\000e\000d\000?}{chapter.10}% 92
\BOOKMARK [2][-]{section*.27}{\376\377\000C\000o\000m\000p\000o\000n\000e\000n\000t\000s}{section.10.1}% 93
\BOOKMARK [1][-]{section.10.2}{\376\377\000E\000x\000p\000e\000r\000i\000m\000e\000n\000t\000a\000l\000\040\000t\000h\000e\000o\000r\000y}{chapter.10}% 94
\BOOKMARK [2][-]{section*.28}{\376\377\000T\000h\000e\000\040\000u\000l\000t\000r\000a\000s\000o\000n\000i\000c\000\040\000m\000e\000a\000s\000u\000r\000e}{section.10.2}% 95
\BOOKMARK [2][-]{section*.29}{\376\377\000H\000o\000w\000\040\000t\000h\000e\000\040\000H\000C\000-\000S\000R\0000\0004\000\040\000w\000o\000r\000k\000s\000?}{section.10.2}% 96
\BOOKMARK [2][-]{section*.30}{\376\377\000L\000i\000m\000i\000t\000i\000n\000g\000\040\000t\000h\000e\000\040\000r\000e\000t\000u\000r\000n\000\040\000v\000o\000l\000t\000a\000g\000e\000\040\000w\000i\000t\000h\000\040\000r\000e\000s\000i\000s\000t\000o\000r\000s}{section.10.2}% 97
\BOOKMARK [1][-]{section.10.3}{\376\377\000E\000x\000p\000e\000r\000i\000m\000e\000n\000t\000a\000l\000\040\000p\000r\000o\000c\000e\000d\000u\000r\000e}{chapter.10}% 98
\BOOKMARK [1][-]{section.10.4}{\376\377\000C\000o\000n\000n\000e\000c\000t\000i\000n\000g\000\040\000r\000e\000m\000o\000t\000e\000l\000y}{chapter.10}% 99
\BOOKMARK [1][-]{section.10.5}{\376\377\000E\000x\000p\000e\000r\000i\000m\000e\000n\000t\000a\000l\000\040\000c\000o\000d\000e}{chapter.10}% 100
\BOOKMARK [0][-]{chapter.11}{\376\377\000L\000e\000s\000s\000o\000n\000\040\0001\0000\000\040\000-\000\040\000L\000C\000D\000\040\000D\000i\000s\000p\000l\000a\000y}{}% 101
\BOOKMARK [1][-]{section.11.1}{\376\377\000W\000h\000a\000t\000\040\000d\000o\000\040\000w\000e\000\040\000n\000e\000e\000d\000?}{chapter.11}% 102
\BOOKMARK [2][-]{section*.31}{\376\377\000C\000o\000m\000p\000o\000n\000e\000n\000t\000s}{section.11.1}% 103
\BOOKMARK [1][-]{section.11.2}{\376\377\000E\000x\000p\000e\000r\000i\000m\000e\000n\000t\000a\000l\000\040\000t\000h\000e\000o\000r\000y}{chapter.11}% 104
\BOOKMARK [2][-]{section*.32}{\376\377\000T\000h\000e\000\040\000L\000C\000D\000\040\000D\000i\000s\000p\000l\000a\000y\000\040\0001\0006\0000\0002}{section.11.2}% 105
\BOOKMARK [2][-]{section*.33}{\376\377\000H\000o\000w\000\040\000t\000h\000e\000\040\000L\000C\000D\000\040\0001\0006\0000\0002\000\040\000w\000o\000r\000k\000s\000?}{section.11.2}% 106
\BOOKMARK [1][-]{section.11.3}{\376\377\000E\000x\000p\000e\000r\000i\000m\000e\000n\000t\000a\000l\000\040\000p\000r\000o\000c\000e\000d\000u\000r\000e}{chapter.11}% 107
\BOOKMARK [1][-]{section.11.4}{\376\377\000C\000o\000n\000n\000e\000c\000t\000i\000n\000g\000\040\000r\000e\000m\000o\000t\000e\000l\000y}{chapter.11}% 108
\BOOKMARK [1][-]{section.11.5}{\376\377\000E\000x\000p\000e\000r\000i\000m\000e\000n\000t\000a\000l\000\040\000c\000o\000d\000e}{chapter.11}% 109
\BOOKMARK [0][-]{chapter.12}{\376\377\000L\000e\000s\000s\000o\000n\000\040\0001\0001\000\040\000-\000\040\000B\000u\000i\000l\000d\000i\000n\000g\000\040\000a\000\040\000M\000i\000n\000i\000-\000W\000e\000a\000t\000h\000e\000r\000\040\000S\000t\000a\000t\000i\000o\000n}{}% 110
\BOOKMARK [1][-]{section.12.1}{\376\377\000W\000h\000a\000t\000\040\000d\000o\000\040\000w\000e\000\040\000n\000e\000e\000d\000?}{chapter.12}% 111
\BOOKMARK [2][-]{section*.34}{\376\377\000C\000o\000m\000p\000o\000n\000e\000n\000t\000s}{section.12.1}% 112
\BOOKMARK [1][-]{section.12.2}{\376\377\000E\000x\000p\000e\000r\000i\000m\000e\000n\000t\000a\000l\000\040\000t\000h\000e\000o\000r\000y}{chapter.12}% 113
\BOOKMARK [1][-]{section.12.3}{\376\377\000E\000x\000p\000e\000r\000i\000m\000e\000n\000t\000a\000l\000\040\000p\000r\000o\000c\000e\000d\000u\000r\000e}{chapter.12}% 114
\BOOKMARK [1][-]{section.12.4}{\376\377\000C\000r\000e\000a\000t\000i\000n\000g\000\040\000t\000h\000e\000\040\000T\000h\000i\000n\000g\000S\000p\000e\000a\000k\000\040\000a\000c\000c\000o\000u\000n\000t\000\040}{chapter.12}% 115
\BOOKMARK [1][-]{section.12.5}{\376\377\000C\000r\000e\000a\000t\000i\000n\000g\000\040\000t\000h\000e\000\040\000a\000p\000p\000l\000i\000c\000a\000t\000i\000o\000n}{chapter.12}% 116
\BOOKMARK [1][-]{section.12.6}{\376\377\000C\000r\000e\000a\000t\000i\000n\000g\000\040\000t\000h\000e\000\040\000S\000u\000p\000e\000r\000c\000l\000a\000s\000s}{chapter.12}% 117
\BOOKMARK [2][-]{section*.35}{\376\377\000C\000r\000e\000a\000t\000i\000n\000g\000\040\000t\000h\000e\000\040\000i\000n\000i\000t\000i\000a\000l\000i\000z\000e\000\040\000m\000e\000t\000h\000o\000d}{section.12.6}% 118
\BOOKMARK [2][-]{section*.36}{\376\377\000C\000r\000e\000a\000t\000i\000n\000g\000\040\000a\000c\000c\000e\000s\000s\000\040\000m\000e\000t\000h\000o\000d\000s}{section.12.6}% 119
\BOOKMARK [1][-]{section.12.7}{\376\377\000C\000r\000e\000a\000t\000i\000n\000g\000\040\000t\000h\000e\000\040\000s\000u\000b\000c\000l\000a\000s\000s\000\040\000D\000i\000s\000p\000l\000a\000y\000L\000C\000D}{chapter.12}% 120
\BOOKMARK [1][-]{section.12.8}{\376\377\000C\000r\000e\000a\000t\000i\000n\000g\000\040\000t\000h\000e\000\040\000s\000u\000b\000c\000l\000a\000s\000s\000\040\000P\000o\000s\000t\000D\000a\000t\000a}{chapter.12}% 121
\BOOKMARK [1][-]{section.12.9}{\376\377\000S\000t\000a\000r\000t\000i\000n\000g\000\040\000t\000h\000e\000\040\000a\000p\000p\000l\000i\000c\000a\000t\000i\000o\000n}{chapter.12}% 122
\BOOKMARK [1][-]{section.12.10}{\376\377\000V\000i\000s\000u\000a\000l\000i\000z\000a\000t\000i\000n\000g\000\040\000y\000o\000u\000r\000\040\000d\000a\000t\000a}{chapter.12}% 123
\BOOKMARK [0][-]{chapter.13}{\376\377\000L\000e\000s\000s\000o\000n\000\040\0001\0002\000\040\000-\000\040\000B\000u\000i\000l\000d\000i\000n\000g\000\040\000a\000\040\000W\000e\000b\000s\000e\000r\000v\000e\000r\000\040\000o\000n\000\040\000R\000a\000s\000p\000b\000e\000r\000r\000y}{}% 124
\BOOKMARK [1][-]{section.13.1}{\376\377\000W\000h\000a\000t\000\040\000d\000o\000\040\000w\000e\000\040\000n\000e\000e\000d\000?}{chapter.13}% 125
\BOOKMARK [2][-]{section*.37}{\376\377\000C\000o\000m\000p\000o\000n\000e\000n\000t\000s}{section.13.1}% 126
\BOOKMARK [1][-]{section.13.2}{\376\377\000E\000x\000p\000e\000r\000i\000m\000e\000n\000t\000a\000l\000\040\000t\000h\000e\000o\000r\000y}{chapter.13}% 127
\BOOKMARK [1][-]{section.13.3}{\376\377\000E\000x\000p\000e\000r\000i\000m\000e\000n\000t\000a\000l\000\040\000p\000r\000o\000c\000e\000d\000u\000r\000e}{chapter.13}% 128
\BOOKMARK [1][-]{section.13.4}{\376\377\000H\000T\000M\000L\000\040\000p\000a\000g\000e}{chapter.13}% 129
